+ Parameters
	 input                                       C:\Users\harry\Documents\pb-construction\pychoreo\assembly_instances\picknplace\toggle_rebar_cage_1\meshes\collision\static_obstacle_3_0.obj
	 resolution                                  500000
	 max. concavity                              0.001
	 plane down-sampling                         4
	 convex-hull down-sampling                   4
	 alpha                                       0.05
	 beta                                        0.05
	 maxhulls                                    1024
	 pca                                         0
	 mode                                        0
	 max. vertices per convex-hull               64
	 min. volume to add vertices to convex-hulls 0.0001
	 convex-hull approximation                   1
	 OpenCL acceleration                         1
	 OpenCL platform ID                          0
	 OpenCL device ID                            0
	 output                                      C:\Users\harry\Documents\pb-construction\pychoreo\assembly_instances\picknplace\toggle_rebar_cage_1\meshes\collision\static_obstacle_3_0.obj
	 log                                         C:\Users\harry\Documents\pb-construction\pychoreo\assembly_instances\picknplace\toggle_rebar_cage_1\meshes\collision\static_obstacle_3_0.log
+ Load mesh
+ Voxelization
	 dim = 64	-> 85842 voxels
	 dim = 114	-> 468261 voxels
	 dim = 116	-> 493852 voxels
	 time 0.28994s
+ Compute primitive set
	 # primitives               493852
	 # inside surface           433603
	 # on surface               60249
	 time 0.0206941s
+ Approximate Convex Decomposition
	 Subdivision level 1
	 -> Part[0] C  = 0.244466, E  = 0.0930954, VS = 60249, VI = 433603
		 [Regular sampling] Number of clipping planes 82

			 Best  0040 T=0.061691 C=0.061490 B=0.000201 S=0.000000 (0.0, 1.0, 0.0, 1602.010)

		 [Refining] Number of clipping planes 9

			 Best  0006 T=0.063178 C=0.063168 B=0.000010 S=0.000000 (0.0, 1.0, 0.0, 1600.263)

	 Subdivision level 2
	 -> Part[0] C  = 0.0328462, E  = 0.0504439, VS = 32646, VI = 214547
	 -> Part[1] C  = 0.0318371, E  = 0.0503867, VS = 32609, VI = 214050
+ Generate 2 convex-hulls 
	 time 1.5089s
+ Merge Convex Hulls
	 time 0.0003975s
+ Simplify 2 convex-hulls 
		 Simplify CH[00000] 126 V, 248 T
		 Simplify CH[00001] 137 V, 270 T
	 time 0.0049164s
+ Parameters
	 input                                       C:\Users\harry\Documents\pb-construction\pychoreo\assembly_instances\picknplace\toggle_rebar_cage_1\meshes\collision\static_obstacle_3_0.obj
	 resolution                                  500000
	 max. concavity                              0.001
	 plane down-sampling                         4
	 convex-hull down-sampling                   4
	 alpha                                       0.05
	 beta                                        0.05
	 maxhulls                                    1024
	 pca                                         0
	 mode                                        0
	 max. vertices per convex-hull               64
	 min. volume to add vertices to convex-hulls 0.0001
	 convex-hull approximation                   1
	 OpenCL acceleration                         1
	 OpenCL platform ID                          0
	 OpenCL device ID                            0
	 output                                      C:\Users\harry\Documents\pb-construction\pychoreo\assembly_instances\picknplace\toggle_rebar_cage_1\meshes\collision\static_obstacle_3_0.obj
	 log                                         C:\Users\harry\Documents\pb-construction\pychoreo\assembly_instances\picknplace\toggle_rebar_cage_1\meshes\collision\static_obstacle_3_0.log
+ Load mesh
+ Generate output: 2 convex-hulls 
	 CH[00000] 41 V, 78 T
	 CH[00001] 45 V, 86 T
